c:\users\thicks\desktop\new-intro-classes\debug\vc141.pdb
c:\users\thicks\desktop\new-intro-classes\debug\vc141.idb
c:\users\thicks\desktop\new-intro-classes\debug\utilities.obj
c:\users\thicks\desktop\new-intro-classes\debug\main.obj
c:\users\thicks\desktop\new-intro-classes\debug\client.obj
c:\users\thicks\desktop\new-intro-classes\debug\auto.obj
c:\users\thicks\desktop\new-intro-classes\debug\athlete.obj
c:\users\thicks\desktop\intro-classes\debug\project.exe
c:\users\thicks\desktop\intro-classes\debug\project.ilk
c:\users\thicks\desktop\intro-classes\debug\project.pdb
c:\users\thicks\desktop\new-intro-classes\debug\project.exe
c:\users\thicks\desktop\new-intro-classes\debug\project.ilk
c:\users\thicks\desktop\new-intro-classes\debug\project.pdb
c:\users\thicks\desktop\new-intro-classes\debug\book.obj
c:\users\thicks\desktop\new-intro-classes\debug\project.tlog\cl.command.1.tlog
c:\users\thicks\desktop\new-intro-classes\debug\project.tlog\cl.read.1.tlog
c:\users\thicks\desktop\new-intro-classes\debug\project.tlog\cl.write.1.tlog
c:\users\thicks\desktop\new-intro-classes\debug\project.tlog\link.command.1.tlog
c:\users\thicks\desktop\new-intro-classes\debug\project.tlog\link.read.1.tlog
c:\users\thicks\desktop\new-intro-classes\debug\project.tlog\link.write.1.tlog
